<?xml version="1.0" encoding="UTF-8"?>
<testng-results skipped="0" failed="0" ignored="0" total="0" passed="0">
  <reporter-output>
  </reporter-output>
  <suite name="Surefire suite" duration-ms="352" started-at="2021-01-31T22:40:14 CAT" finished-at="2021-01-31T22:40:15 CAT">
    <groups>
    </groups>
    <test name="Surefire test" duration-ms="352" started-at="2021-01-31T22:40:14 CAT" finished-at="2021-01-31T22:40:15 CAT">
    </test> <!-- Surefire test -->
  </suite> <!-- Surefire suite -->
</testng-results>
