<?xml version="1.0" encoding="UTF-8"?>
<testng-results skipped="0" failed="0" ignored="0" total="0" passed="0">
  <reporter-output>
  </reporter-output>
  <suite name="Surefire suite" duration-ms="13" started-at="2021-01-31T22:40:12 CAT" finished-at="2021-01-31T22:40:13 CAT">
    <groups>
    </groups>
    <test name="Surefire test" duration-ms="13" started-at="2021-01-31T22:40:12 CAT" finished-at="2021-01-31T22:40:13 CAT">
      <class name="com.ilab.api.assessment.tests.BaseTest">
        <test-method status="PASS" signature="setUpSuite()[pri:0, instance:com.ilab.api.assessment.tests.BaseTest@2b2948e2]" name="setUpSuite" is-config="true" duration-ms="169" started-at="2021-01-31T22:40:12 CAT" finished-at="2021-01-31T22:40:12 CAT">
          <reporter-output>
          </reporter-output>
        </test-method> <!-- setUpSuite -->
        <test-method status="PASS" signature="afterSuite()[pri:0, instance:com.ilab.api.assessment.tests.BaseTest@2b2948e2]" name="afterSuite" is-config="true" duration-ms="1821" started-at="2021-01-31T22:40:13 CAT" finished-at="2021-01-31T22:40:14 CAT">
          <reporter-output>
          </reporter-output>
        </test-method> <!-- afterSuite -->
      </class> <!-- com.ilab.api.assessment.tests.BaseTest -->
    </test> <!-- Surefire test -->
  </suite> <!-- Surefire suite -->
</testng-results>
